[2024-11-27 14:38:06,133] multiqc                                            [DEBUG  ]  No MultiQC config found: /home/alatypova/.conda/envs/multiqc/lib/python2.7/site-packages/multiqc-1.0.dev0-py2.7.egg/multiqc_config.yaml
[2024-11-27 14:38:06,134] multiqc                                            [DEBUG  ]  No MultiQC config found: /home/alatypova/.multiqc_config.yaml
[2024-11-27 14:38:06,134] multiqc                                            [DEBUG  ]  No MultiQC config found: multiqc_config.yaml
[2024-11-27 14:38:06,134] multiqc                                            [DEBUG  ]  Command used: /home/alatypova/.conda/envs/multiqc/bin/multiqc .
[2024-11-27 14:38:06,134] multiqc                                            [DEBUG  ]  Could not connect to multiqc.info for version check
[2024-11-27 14:38:06,134] multiqc                                            [INFO   ]  This is MultiQC v1.0.dev0
[2024-11-27 14:38:06,134] multiqc                                            [DEBUG  ]  Command     : /home/alatypova/.conda/envs/multiqc/bin/multiqc .
[2024-11-27 14:38:06,134] multiqc                                            [DEBUG  ]  Working dir : /home/alatypova/scRNAseq/samples/202411211919_221001006_2P240529035US2S2717DX_B_MobiPlantsGerashchenko
[2024-11-27 14:38:06,134] multiqc                                            [INFO   ]  Template    : default
[2024-11-27 14:38:06,134] multiqc                                            [INFO   ]  Searching '.'
[2024-11-27 14:38:06,134] multiqc                                            [DEBUG  ]  Analysing modules: custom_content, peddy, methylQA, qualimap, preseq, quast, rseqc, busco, goleft_indexcov, snpeff, gatk, htseq, bcftools, featureCounts, picard, prokka, samblaster, samtools, bamtools, bismark, hicup, salmon, kallisto, slamdunk, star, tophat, bowtie2, bowtie1, cutadapt, trimmomatic, skewer, fastq_screen, fastqc, clusterflow
[2024-11-27 14:38:06,134] multiqc                                            [DEBUG  ]  Using temporary directory for creating report: /tmp/tmpCqZW2A
[2024-11-27 14:38:06,137] multiqc                                            [DEBUG  ]  Ignoring file as matched an ignore pattern: L2_L00_R2.fq.gz
[2024-11-27 14:38:06,138] multiqc                                            [DEBUG  ]  Ignoring file as matched an ignore pattern: L2_L00_R1.fq.gz
[2024-11-27 14:38:06,138] multiqc                                            [DEBUG  ]  Ignoring file as matched an ignore pattern: L1_L00_R2.fq.gz
[2024-11-27 14:38:06,139] multiqc                                            [DEBUG  ]  Ignoring file as matched an ignore pattern: L1_L00_R1.fq.gz
[2024-11-27 14:38:08,724] multiqc.modules.custom_content.custom_content      [DEBUG  ]  No custom content found
[2024-11-27 14:38:08,729] multiqc.modules.peddy.peddy                        [DEBUG  ]  Could not find any reports in ('.',)
[2024-11-27 14:38:08,732] multiqc.modules.methylQA.methylQA                  [DEBUG  ]  Could not find any reports in ('.',)
[2024-11-27 14:38:08,734] multiqc.modules.qualimap.QM_BamQC                  [DEBUG  ]  Using default Qualimap thresholds: 1, 5, 10, 30, 50
[2024-11-27 14:38:08,737] multiqc.modules.qualimap.qualimap                  [DEBUG  ]  Could not find any reports in ('.',)
[2024-11-27 14:38:08,748] multiqc.modules.preseq.preseq                      [DEBUG  ]  Could not find any preseq data in ('.',)
[2024-11-27 14:38:08,750] multiqc.modules.quast.quast                        [DEBUG  ]  Could not find any reports in ('.',)
[2024-11-27 14:38:08,786] multiqc.modules.rseqc.rseqc                        [DEBUG  ]  Could not find any reports in ('.',)
[2024-11-27 14:38:08,787] multiqc.modules.busco.busco                        [DEBUG  ]  Could not find any reports in ('.',)
[2024-11-27 14:38:08,790] multiqc.modules.goleft_indexcov.goleft_indexcov    [DEBUG  ]  Did not find goleft indexcov outputs in ('.',)
[2024-11-27 14:38:08,799] multiqc.modules.snpeff.snpeff                      [DEBUG  ]  Could not find any data in ('.',)
[2024-11-27 14:38:08,810] multiqc.modules.gatk.gatk                          [DEBUG  ]  Could not find any reports in ('.',)
[2024-11-27 14:38:08,819] multiqc.modules.htseq.htseq                        [DEBUG  ]  Could not find any reports in ('.',)
[2024-11-27 14:38:08,829] multiqc.modules.bcftools.bcftools                  [DEBUG  ]  Could not find any reports in ('.',)
[2024-11-27 14:38:08,831] multiqc.modules.featureCounts.feature_counts       [DEBUG  ]  Could not find any reports in ('.',)
[2024-11-27 14:38:08,912] multiqc.modules.picard.picard                      [DEBUG  ]  Could not find any reports in ('.',)
[2024-11-27 14:38:08,914] multiqc.modules.prokka.prokka                      [DEBUG  ]  Could not find any Prokka data in ('.',)
[2024-11-27 14:38:08,924] multiqc.modules.samblaster.samblaster              [DEBUG  ]  Could not find any data in ('.',)
[2024-11-27 14:38:08,950] multiqc.modules.samtools.samtools                  [DEBUG  ]  Could not find any reports in ('.',)
[2024-11-27 14:38:08,959] multiqc.modules.bamtools.bamtools                  [DEBUG  ]  Could not find any reports in ('.',)
[2024-11-27 14:38:08,963] multiqc.modules.bismark.bismark                    [DEBUG  ]  Could not find any reports in ('.',)
[2024-11-27 14:38:08,965] multiqc.modules.hicup.hicup                        [DEBUG  ]  Could not find any HiCUP data in ('.',)
[2024-11-27 14:38:08,967] multiqc.modules.salmon.salmon                      [DEBUG  ]  Could not find any Salmon data in ('.',)
[2024-11-27 14:38:08,976] multiqc.modules.kallisto.kallisto                  [DEBUG  ]  Could not find any reports in ('.',)
[2024-11-27 14:38:09,025] multiqc.modules.slamdunk.slamdunk                  [DEBUG  ]  No slamdunk reports found.
[2024-11-27 14:38:09,028] multiqc.modules.star.star                          [DEBUG  ]  Could not find any reports in ('.',)
[2024-11-27 14:38:09,030] multiqc.modules.tophat.tophat                      [DEBUG  ]  Could not find any reports in ('.',)
[2024-11-27 14:38:09,039] multiqc.modules.bowtie2.bowtie2                    [DEBUG  ]  Could not find any reports in ('.',)
[2024-11-27 14:38:09,048] multiqc.modules.bowtie1.bowtie1                    [DEBUG  ]  Could not find any reports in ('.',)
[2024-11-27 14:38:09,058] multiqc.modules.cutadapt.cutadapt                  [DEBUG  ]  Could not find any reports in ('.',)
[2024-11-27 14:38:09,067] multiqc.modules.trimmomatic.trimmomatic            [DEBUG  ]  Could not find any Trimmomatic data in ('.',)
[2024-11-27 14:38:09,077] multiqc.modules.skewer.skewer                      [DEBUG  ]  Could not find any data in ('.',)
[2024-11-27 14:38:09,079] multiqc.modules.fastq_screen.fastq_screen          [DEBUG  ]  Could not find any reports in ('.',)
[2024-11-27 14:38:09,104] multiqc.modules.fastqc.fastqc                      [INFO   ]  Found 4 reports
[2024-11-27 14:38:09,254] multiqc.modules.clusterflow.clusterflow            [DEBUG  ]  Could not find any reports in ('.',)
[2024-11-27 14:38:09,254] multiqc                                            [INFO   ]  Report      : multiqc_report.html
[2024-11-27 14:38:09,254] multiqc                                            [INFO   ]  Data        : multiqc_data
[2024-11-27 14:38:09,254] multiqc                                            [DEBUG  ]  Moving data file from '/tmp/tmpCqZW2A/multiqc_data/multiqc_general_stats.txt' to '/home/alatypova/scRNAseq/samples/202411211919_221001006_2P240529035US2S2717DX_B_MobiPlantsGerashchenko/multiqc_data'
[2024-11-27 14:38:09,255] multiqc                                            [DEBUG  ]  Moving data file from '/tmp/tmpCqZW2A/multiqc_data/multiqc_fastqc.txt' to '/home/alatypova/scRNAseq/samples/202411211919_221001006_2P240529035US2S2717DX_B_MobiPlantsGerashchenko/multiqc_data'
[2024-11-27 14:38:09,255] multiqc                                            [DEBUG  ]  Moving data file from '/tmp/tmpCqZW2A/multiqc_data/multiqc_sources.txt' to '/home/alatypova/scRNAseq/samples/202411211919_221001006_2P240529035US2S2717DX_B_MobiPlantsGerashchenko/multiqc_data'
[2024-11-27 14:38:09,355] multiqc                                            [INFO   ]  MultiQC complete
